Arguments: 
  /usr/bin/node /usr/bin/yarn install

PATH: 
  /home/abisehk/anaconda3/condabin:/home/abisehk/.local/bin:/usr/local/sbin:/usr/local/bin:/usr/sbin:/usr/bin:/sbin:/bin:/usr/games:/usr/local/games:/snap/bin:/home/abisehk/.local/bin:/home/abisehk/Android/Sdk/emulator:/home/abisehk/Android/Sdk/tools:/home/abisehk/Android/Sdk/tools/bin:/home/abisehk/Android/Sdk/platform-tools:/usr/local/go/bin:/home/abisehk/Codes/golang/bin:/home/abisehk/.local/bin:/home/abisehk/Android/Sdk/emulator:/home/abisehk/Android/Sdk/tools:/home/abisehk/Android/Sdk/tools/bin:/home/abisehk/Android/Sdk/platform-tools:/usr/local/go/bin:/home/abisehk/Codes/golang/bin:/home/abisehk/.local/bin

Yarn version: 
  1.22.10

Node version: 
  14.17.2

Platform: 
  linux x64

Trace: 
  Error: getaddrinfo EAI_AGAIN registry.yarnpkg.com
      at GetAddrInfoReqWrap.onlookup [as oncomplete] (dns.js:69:26)

npm manifest: 
  {
    "name": "hardhat-project",
    "devDependencies": {
      "@nomiclabs/hardhat-ethers": "^2.0.2",
      "@nomiclabs/hardhat-waffle": "^2.0.1",
      "@types/chai": "^4.2.19",
      "@types/mocha": "^8.2.2",
      "@types/node": "^16.0.0",
      "chai": "^4.3.4",
      "ethereum-waffle": "^3.4.0",
      "ethers": "^5.4.1",
      "hardhat": "^2.4.1",
      "ts-node": "^10.0.0",
      "typescript": "^4.3.5"
    }
  }

yarn manifest: 
  No manifest

Lockfile: 
  No lockfile
